<?xml version="1.0" encoding="UTF-8"?>
<!-- Generated by org.testng.reporters.JUnitReportReporter -->
<testsuite hostname="Lenovo-PC" name="com.revolutionIT.testng.BookingTests" tests="1" failures="0" timestamp="15 Jan 2018 14:17:54 GMT" time="17.042" errors="0">
  <testcase name="TestOneWayBooking" time="17.042" classname="com.revolutionIT.testng.BookingTests"/>
</testsuite> <!-- com.revolutionIT.testng.BookingTests -->
